<?xml version="1.0" encoding="UTF-8"?>
<!-- Generated by org.testng.reporters.JUnitXMLReporter -->
<testsuite ignored="0" hostname="LAP_S_073" failures="0" tests="5" name="Default test" time="139.078" errors="0" timestamp="2025-09-09T18:51:07 IST">
  <testcase classname="com.OrangeHRM.LoginTest" name="testLogin" time="15.105"/>
  <testcase classname="com.OrangeHRM.LoginTest" name="testLogin" time="18.565"/>
  <testcase classname="com.OrangeHRM.LoginTest" name="testLogin" time="17.077"/>
  <testcase classname="com.OrangeHRM.LoginTest" name="testLogin" time="18.009"/>
  <testcase classname="com.OrangeHRM.LoginTest" name="testLogin" time="20.37"/>
</testsuite> <!-- Default test -->
