<?xml version="1.0" encoding="UTF-8"?>
<!-- Generated by org.testng.reporters.JUnitXMLReporter -->
<testsuite ignored="0" hostname="LAP_S_073" failures="0" tests="5" name="Test" time="150.294" errors="0" timestamp="2025-09-02T21:04:27 IST">
  <testcase classname="com.OrangeHRM.LoginTest" name="testLogin" time="19.712"/>
  <testcase classname="com.OrangeHRM.LoginTest" name="testLogin" time="17.384"/>
  <testcase classname="com.OrangeHRM.LoginTest" name="testLogin" time="16.92"/>
  <testcase classname="com.OrangeHRM.LoginTest" name="testLogin" time="16.075"/>
  <testcase classname="com.OrangeHRM.LoginTest" name="testLogin" time="16.957"/>
</testsuite> <!-- Test -->
