<?xml version="1.0" encoding="UTF-8"?>
<testng-results ignored="0" total="5" passed="5" failed="0" skipped="0">
  <reporter-output>
  </reporter-output>
  <suite started-at="2025-09-13T19:37:25 IST" name="BrowserStack E2E Suite" finished-at="2025-09-13T19:37:32 IST" duration-ms="7038">
    <groups>
    </groups>
    <test started-at="2025-09-13T19:37:25 IST" name="E2E Flow" finished-at="2025-09-13T19:37:32 IST" duration-ms="7038">
      <class name="com.BrowserStack.test.ProductListTest">
        <test-method signature="listAllProductsTest()[pri:3, instance:com.BrowserStack.test.ProductListTest@48e1f6c7]" started-at="2025-09-13T19:37:26 IST" name="listAllProductsTest" finished-at="2025-09-13T19:37:28 IST" depends-on-methods="com.BrowserStack.test.LoginTest.loginTest" duration-ms="1816" status="PASS">
          <reporter-output>
          </reporter-output>
        </test-method> <!-- listAllProductsTest -->
      </class> <!-- com.BrowserStack.test.ProductListTest -->
      <class name="com.BrowserStack.test.LoginTest">
        <test-method is-config="true" signature="setup()[pri:0, instance:com.BrowserStack.test.LoginTest@6e535154]" started-at="2025-09-13T19:37:16 IST" name="setup" finished-at="2025-09-13T19:37:25 IST" duration-ms="9079" status="PASS">
          <reporter-output>
          </reporter-output>
        </test-method> <!-- setup -->
        <test-method signature="invalidLoginTest()[pri:1, instance:com.BrowserStack.test.LoginTest@6e535154]" started-at="2025-09-13T19:37:25 IST" name="invalidLoginTest" finished-at="2025-09-13T19:37:25 IST" duration-ms="501" status="PASS">
          <reporter-output>
          </reporter-output>
        </test-method> <!-- invalidLoginTest -->
        <test-method signature="loginTest()[pri:2, instance:com.BrowserStack.test.LoginTest@6e535154]" started-at="2025-09-13T19:37:25 IST" name="loginTest" finished-at="2025-09-13T19:37:26 IST" duration-ms="443" status="PASS">
          <reporter-output>
          </reporter-output>
        </test-method> <!-- loginTest -->
        <test-method is-config="true" signature="closeBrowser()[pri:0, instance:com.BrowserStack.test.LoginTest@6e535154]" started-at="2025-09-13T19:37:33 IST" name="closeBrowser" finished-at="2025-09-13T19:37:35 IST" duration-ms="2434" status="PASS">
          <reporter-output>
          </reporter-output>
        </test-method> <!-- closeBrowser -->
      </class> <!-- com.BrowserStack.test.LoginTest -->
      <class name="com.BrowserStack.test.AddToCartTest">
        <test-method signature="addMultipleItemsAndRemoveTest()[pri:2, instance:com.BrowserStack.test.AddToCartTest@55cb6996]" started-at="2025-09-13T19:37:28 IST" name="addMultipleItemsAndRemoveTest" finished-at="2025-09-13T19:37:29 IST" depends-on-methods="com.BrowserStack.test.LoginTest.loginTest" duration-ms="1379" status="PASS">
          <reporter-output>
          </reporter-output>
        </test-method> <!-- addMultipleItemsAndRemoveTest -->
      </class> <!-- com.BrowserStack.test.AddToCartTest -->
      <class name="com.BrowserStack.test.CheckoutTest">
        <test-method signature="completeCheckoutTest()[pri:0, instance:com.BrowserStack.test.CheckoutTest@f1da57d]" started-at="2025-09-13T19:37:29 IST" name="completeCheckoutTest" finished-at="2025-09-13T19:37:31 IST" depends-on-methods="addMultipleItemsAndRemoveTest" duration-ms="2071" status="PASS">
          <reporter-output>
          </reporter-output>
        </test-method> <!-- completeCheckoutTest -->
      </class> <!-- com.BrowserStack.test.CheckoutTest -->
    </test> <!-- E2E Flow -->
  </suite> <!-- BrowserStack E2E Suite -->
</testng-results>
