<?xml version="1.0" encoding="UTF-8"?>
<testng-results ignored="0" total="5" passed="5" failed="0" skipped="0">
  <reporter-output>
  </reporter-output>
  <suite started-at="2025-09-09T18:48:48 IST" name="Default suite" finished-at="2025-09-09T18:51:07 IST" duration-ms="139078">
    <groups>
    </groups>
    <test started-at="2025-09-09T18:48:48 IST" name="Default test" finished-at="2025-09-09T18:51:07 IST" duration-ms="139078">
      <class name="com.OrangeHRM.LoginTest">
        <test-method is-config="true" signature="setupReport()[pri:0, instance:com.OrangeHRM.LoginTest@313ac989]" started-at="2025-09-09T18:48:48 IST" name="setupReport" finished-at="2025-09-09T18:48:48 IST" duration-ms="435" status="PASS">
          <reporter-output>
          </reporter-output>
        </test-method> <!-- setupReport -->
        <test-method is-config="true" signature="setup()[pri:0, instance:com.OrangeHRM.LoginTest@313ac989]" started-at="2025-09-09T18:48:50 IST" name="setup" finished-at="2025-09-09T18:49:03 IST" duration-ms="13486" status="PASS">
          <reporter-output>
          </reporter-output>
        </test-method> <!-- setup -->
        <test-method signature="testLogin(java.lang.String,java.lang.String)[pri:0, instance:com.OrangeHRM.LoginTest@313ac989]" started-at="2025-09-09T18:49:03 IST" name="testLogin" data-provider="LoginData" finished-at="2025-09-09T18:49:19 IST" duration-ms="15105" status="PASS">
          <params>
            <param index="0">
              <value>
                <![CDATA[Admin]]>
              </value>
            </param>
            <param index="1">
              <value>
                <![CDATA[admin123]]>
              </value>
            </param>
          </params>
          <reporter-output>
          </reporter-output>
        </test-method> <!-- testLogin -->
        <test-method is-config="true" signature="closeBrowser()[pri:0, instance:com.OrangeHRM.LoginTest@313ac989]" started-at="2025-09-09T18:49:19 IST" name="closeBrowser" finished-at="2025-09-09T18:49:19 IST" duration-ms="315" status="PASS">
          <reporter-output>
          </reporter-output>
        </test-method> <!-- closeBrowser -->
        <test-method is-config="true" signature="setup()[pri:0, instance:com.OrangeHRM.LoginTest@313ac989]" started-at="2025-09-09T18:49:19 IST" name="setup" finished-at="2025-09-09T18:49:28 IST" duration-ms="9149" status="PASS">
          <reporter-output>
          </reporter-output>
        </test-method> <!-- setup -->
        <test-method signature="testLogin(java.lang.String,java.lang.String)[pri:0, instance:com.OrangeHRM.LoginTest@313ac989]" started-at="2025-09-09T18:49:28 IST" name="testLogin" data-provider="LoginData" finished-at="2025-09-09T18:49:47 IST" duration-ms="18565" status="PASS">
          <params>
            <param index="0">
              <value>
                <![CDATA[Admin]]>
              </value>
            </param>
            <param index="1">
              <value>
                <![CDATA[Anjan123]]>
              </value>
            </param>
          </params>
          <reporter-output>
          </reporter-output>
        </test-method> <!-- testLogin -->
        <test-method is-config="true" signature="closeBrowser()[pri:0, instance:com.OrangeHRM.LoginTest@313ac989]" started-at="2025-09-09T18:49:47 IST" name="closeBrowser" finished-at="2025-09-09T18:49:47 IST" duration-ms="139" status="PASS">
          <reporter-output>
          </reporter-output>
        </test-method> <!-- closeBrowser -->
        <test-method is-config="true" signature="setup()[pri:0, instance:com.OrangeHRM.LoginTest@313ac989]" started-at="2025-09-09T18:49:47 IST" name="setup" finished-at="2025-09-09T18:49:58 IST" duration-ms="11410" status="PASS">
          <reporter-output>
          </reporter-output>
        </test-method> <!-- setup -->
        <test-method signature="testLogin(java.lang.String,java.lang.String)[pri:0, instance:com.OrangeHRM.LoginTest@313ac989]" started-at="2025-09-09T18:49:58 IST" name="testLogin" data-provider="LoginData" finished-at="2025-09-09T18:50:15 IST" duration-ms="17077" status="PASS">
          <params>
            <param index="0">
              <value>
                <![CDATA[Anjan]]>
              </value>
            </param>
            <param index="1">
              <value>
                <![CDATA[admin123]]>
              </value>
            </param>
          </params>
          <reporter-output>
          </reporter-output>
        </test-method> <!-- testLogin -->
        <test-method is-config="true" signature="closeBrowser()[pri:0, instance:com.OrangeHRM.LoginTest@313ac989]" started-at="2025-09-09T18:50:15 IST" name="closeBrowser" finished-at="2025-09-09T18:50:15 IST" duration-ms="155" status="PASS">
          <reporter-output>
          </reporter-output>
        </test-method> <!-- closeBrowser -->
        <test-method is-config="true" signature="setup()[pri:0, instance:com.OrangeHRM.LoginTest@313ac989]" started-at="2025-09-09T18:50:15 IST" name="setup" finished-at="2025-09-09T18:50:23 IST" duration-ms="7487" status="PASS">
          <reporter-output>
          </reporter-output>
        </test-method> <!-- setup -->
        <test-method signature="testLogin(java.lang.String,java.lang.String)[pri:0, instance:com.OrangeHRM.LoginTest@313ac989]" started-at="2025-09-09T18:50:23 IST" name="testLogin" data-provider="LoginData" finished-at="2025-09-09T18:50:41 IST" duration-ms="18009" status="PASS">
          <params>
            <param index="0">
              <value>
                <![CDATA[AnjanR]]>
              </value>
            </param>
            <param index="1">
              <value>
                <![CDATA[Anjan123]]>
              </value>
            </param>
          </params>
          <reporter-output>
          </reporter-output>
        </test-method> <!-- testLogin -->
        <test-method is-config="true" signature="closeBrowser()[pri:0, instance:com.OrangeHRM.LoginTest@313ac989]" started-at="2025-09-09T18:50:41 IST" name="closeBrowser" finished-at="2025-09-09T18:50:41 IST" duration-ms="150" status="PASS">
          <reporter-output>
          </reporter-output>
        </test-method> <!-- closeBrowser -->
        <test-method is-config="true" signature="setup()[pri:0, instance:com.OrangeHRM.LoginTest@313ac989]" started-at="2025-09-09T18:50:41 IST" name="setup" finished-at="2025-09-09T18:50:46 IST" duration-ms="4759" status="PASS">
          <reporter-output>
          </reporter-output>
        </test-method> <!-- setup -->
        <test-method signature="testLogin(java.lang.String,java.lang.String)[pri:0, instance:com.OrangeHRM.LoginTest@313ac989]" started-at="2025-09-09T18:50:46 IST" name="testLogin" data-provider="LoginData" finished-at="2025-09-09T18:51:06 IST" duration-ms="20370" status="PASS">
          <params>
            <param index="0">
              <value>
                <![CDATA[AnjanRoy]]>
              </value>
            </param>
            <param index="1">
              <value>
                <![CDATA[Anjan123]]>
              </value>
            </param>
          </params>
          <reporter-output>
          </reporter-output>
        </test-method> <!-- testLogin -->
        <test-method is-config="true" signature="closeBrowser()[pri:0, instance:com.OrangeHRM.LoginTest@313ac989]" started-at="2025-09-09T18:51:06 IST" name="closeBrowser" finished-at="2025-09-09T18:51:06 IST" duration-ms="155" status="PASS">
          <reporter-output>
          </reporter-output>
        </test-method> <!-- closeBrowser -->
        <test-method is-config="true" signature="flushReport()[pri:0, instance:com.OrangeHRM.LoginTest@313ac989]" started-at="2025-09-09T18:51:06 IST" name="flushReport" finished-at="2025-09-09T18:51:07 IST" duration-ms="651" status="PASS">
          <reporter-output>
          </reporter-output>
        </test-method> <!-- flushReport -->
      </class> <!-- com.OrangeHRM.LoginTest -->
    </test> <!-- Default test -->
  </suite> <!-- Default suite -->
</testng-results>
