<?xml version="1.0" encoding="UTF-8"?>
<!-- Generated by org.testng.reporters.JUnitXMLReporter -->
<testsuite ignored="6" hostname="LAP_S_073" failures="0" tests="5" name="E2E Flow" time="7.038" errors="0" timestamp="2025-09-13T19:37:33 IST">
  <testcase classname="com.BrowserStack.test.LoginTest" name="invalidLoginTest" time="0.501"/>
  <testcase classname="com.BrowserStack.test.LoginTest" name="loginTest" time="0.443"/>
  <testcase classname="com.BrowserStack.test.ProductListTest" name="listAllProductsTest" time="1.816"/>
  <testcase classname="com.BrowserStack.test.AddToCartTest" name="addMultipleItemsAndRemoveTest" time="1.379"/>
  <testcase classname="com.BrowserStack.test.CheckoutTest" name="completeCheckoutTest" time="2.071"/>
  <testcase classname="com.BrowserStack.test.BaseTest" name="@AfterSuite closeBrowser" time="0.0">
    <ignored/>
  </testcase> <!-- @AfterSuite closeBrowser -->
  <testcase classname="com.BrowserStack.test.BaseTest" name="@BeforeSuite setup" time="0.0">
    <ignored/>
  </testcase> <!-- @BeforeSuite setup -->
  <testcase classname="com.BrowserStack.test.BaseTest" name="@BeforeSuite setup" time="0.0">
    <ignored/>
  </testcase> <!-- @BeforeSuite setup -->
  <testcase classname="com.BrowserStack.test.BaseTest" name="@BeforeSuite setup" time="0.0">
    <ignored/>
  </testcase> <!-- @BeforeSuite setup -->
  <testcase classname="com.BrowserStack.test.BaseTest" name="@AfterSuite closeBrowser" time="0.0">
    <ignored/>
  </testcase> <!-- @AfterSuite closeBrowser -->
  <testcase classname="com.BrowserStack.test.BaseTest" name="@AfterSuite closeBrowser" time="0.0">
    <ignored/>
  </testcase> <!-- @AfterSuite closeBrowser -->
</testsuite> <!-- E2E Flow -->
